Starting LoggerTest on LAPTOP-FOKPE9RJ with PID 8868 (started by jerry in C:\code\imooc-wechat-ordering-backend)
No active profile set, falling back to default profiles: default
Bootstrapping Spring Data JPA repositories in DEFAULT mode.
Finished Spring Data repository scanning in 18ms. Found 0 JPA repository interfaces.
HHH000204: Processing PersistenceUnitInfo [name: default]
HHH000412: Hibernate ORM core version 5.4.12.Final
HCANN000001: Hibernate Commons Annotations {5.1.0.Final}
HikariPool-1 - Starting...
HikariPool-1 - Start completed.
HHH000400: Using dialect: org.hibernate.dialect.MySQL8Dialect
HHH000490: Using JtaPlatform implementation: [org.hibernate.engine.transaction.jta.platform.internal.NoJtaPlatform]
Initialized JPA EntityManagerFactory for persistence unit 'default'
spring.jpa.open-in-view is enabled by default. Therefore, database queries may be performed during view rendering. Explicitly configure spring.jpa.open-in-view to disable this warning
Initializing ExecutorService 'applicationTaskExecutor'
Started LoggerTest in 5.43 seconds (JVM running for 6.339)
info...
name: imooc, password: 123456
error...
Shutting down ExecutorService 'applicationTaskExecutor'
Closing JPA EntityManagerFactory for persistence unit 'default'
HikariPool-1 - Shutdown initiated...
HikariPool-1 - Shutdown completed.
Starting LoggerTest on LAPTOP-FOKPE9RJ with PID 17256 (started by jerry in C:\code\imooc-wechat-ordering-backend)
No active profile set, falling back to default profiles: default
Bootstrapping Spring Data JPA repositories in DEFAULT mode.
Finished Spring Data repository scanning in 19ms. Found 0 JPA repository interfaces.
HHH000204: Processing PersistenceUnitInfo [name: default]
HHH000412: Hibernate ORM core version 5.4.12.Final
HCANN000001: Hibernate Commons Annotations {5.1.0.Final}
HikariPool-1 - Starting...
HikariPool-1 - Start completed.
HHH000400: Using dialect: org.hibernate.dialect.MySQL8Dialect
HHH000490: Using JtaPlatform implementation: [org.hibernate.engine.transaction.jta.platform.internal.NoJtaPlatform]
Initialized JPA EntityManagerFactory for persistence unit 'default'
spring.jpa.open-in-view is enabled by default. Therefore, database queries may be performed during view rendering. Explicitly configure spring.jpa.open-in-view to disable this warning
Initializing ExecutorService 'applicationTaskExecutor'
Started LoggerTest in 5.303 seconds (JVM running for 6.231)
info...
name: imooc, password: 123456
Shutting down ExecutorService 'applicationTaskExecutor'
Closing JPA EntityManagerFactory for persistence unit 'default'
HikariPool-1 - Shutdown initiated...
HikariPool-1 - Shutdown completed.
Starting LoggerTest on LAPTOP-FOKPE9RJ with PID 16904 (started by jerry in C:\code\imooc-wechat-ordering-backend)
No active profile set, falling back to default profiles: default
Bootstrapping Spring Data JPA repositories in DEFAULT mode.
Finished Spring Data repository scanning in 14ms. Found 0 JPA repository interfaces.
HHH000204: Processing PersistenceUnitInfo [name: default]
HHH000412: Hibernate ORM core version 5.4.12.Final
HCANN000001: Hibernate Commons Annotations {5.1.0.Final}
HikariPool-1 - Starting...
HikariPool-1 - Start completed.
HHH000400: Using dialect: org.hibernate.dialect.MySQL8Dialect
HHH000490: Using JtaPlatform implementation: [org.hibernate.engine.transaction.jta.platform.internal.NoJtaPlatform]
Initialized JPA EntityManagerFactory for persistence unit 'default'
spring.jpa.open-in-view is enabled by default. Therefore, database queries may be performed during view rendering. Explicitly configure spring.jpa.open-in-view to disable this warning
Initializing ExecutorService 'applicationTaskExecutor'
Started LoggerTest in 5.076 seconds (JVM running for 6.1)
info...
name: imooc, password: 123456
Shutting down ExecutorService 'applicationTaskExecutor'
Closing JPA EntityManagerFactory for persistence unit 'default'
HikariPool-1 - Shutdown initiated...
HikariPool-1 - Shutdown completed.
Starting SellApplication on LAPTOP-FOKPE9RJ with PID 14996 (C:\code\imooc-wechat-ordering-backend\target\classes started by jerry in C:\code\imooc-wechat-ordering-backend)
No active profile set, falling back to default profiles: default
Bootstrapping Spring Data JPA repositories in DEFAULT mode.
Finished Spring Data repository scanning in 8ms. Found 0 JPA repository interfaces.
Tomcat initialized with port(s): 8080 (http)
Initializing ProtocolHandler ["http-nio-8080"]
Starting service [Tomcat]
Starting Servlet engine: [Apache Tomcat/9.0.33]
Initializing Spring embedded WebApplicationContext
Root WebApplicationContext: initialization completed in 941 ms
HHH000204: Processing PersistenceUnitInfo [name: default]
HHH000412: Hibernate ORM core version 5.4.12.Final
HCANN000001: Hibernate Commons Annotations {5.1.0.Final}
HikariPool-1 - Starting...
HikariPool-1 - Start completed.
HHH000400: Using dialect: org.hibernate.dialect.MySQL8Dialect
HHH000490: Using JtaPlatform implementation: [org.hibernate.engine.transaction.jta.platform.internal.NoJtaPlatform]
Initialized JPA EntityManagerFactory for persistence unit 'default'
spring.jpa.open-in-view is enabled by default. Therefore, database queries may be performed during view rendering. Explicitly configure spring.jpa.open-in-view to disable this warning
Initializing ExecutorService 'applicationTaskExecutor'
Starting ProtocolHandler ["http-nio-8080"]
Tomcat started on port(s): 8080 (http) with context path ''
Started SellApplication in 3.589 seconds (JVM running for 4.372)
Starting ProductCategoryRepositoryTest on LAPTOP-FOKPE9RJ with PID 12016 (started by jerry in C:\code\imooc-wechat-ordering-backend)
No active profile set, falling back to default profiles: default
Bootstrapping Spring Data JPA repositories in DEFAULT mode.
Finished Spring Data repository scanning in 94ms. Found 1 JPA repository interfaces.
HHH000204: Processing PersistenceUnitInfo [name: default]
HHH000412: Hibernate ORM core version 5.4.12.Final
HCANN000001: Hibernate Commons Annotations {5.1.0.Final}
HikariPool-1 - Starting...
HikariPool-1 - Start completed.
HHH000400: Using dialect: org.hibernate.dialect.MySQL8Dialect
HHH000490: Using JtaPlatform implementation: [org.hibernate.engine.transaction.jta.platform.internal.NoJtaPlatform]
Initialized JPA EntityManagerFactory for persistence unit 'default'
spring.jpa.open-in-view is enabled by default. Therefore, database queries may be performed during view rendering. Explicitly configure spring.jpa.open-in-view to disable this warning
Initializing ExecutorService 'applicationTaskExecutor'
Started ProductCategoryRepositoryTest in 5.822 seconds (JVM running for 6.738)
Shutting down ExecutorService 'applicationTaskExecutor'
Closing JPA EntityManagerFactory for persistence unit 'default'
HikariPool-1 - Shutdown initiated...
HikariPool-1 - Shutdown completed.
Starting ProductCategoryRepositoryTest on LAPTOP-FOKPE9RJ with PID 7968 (started by jerry in C:\code\imooc-wechat-ordering-backend)
No active profile set, falling back to default profiles: default
Bootstrapping Spring Data JPA repositories in DEFAULT mode.
Finished Spring Data repository scanning in 59ms. Found 1 JPA repository interfaces.
HHH000204: Processing PersistenceUnitInfo [name: default]
HHH000412: Hibernate ORM core version 5.4.12.Final
HCANN000001: Hibernate Commons Annotations {5.1.0.Final}
HikariPool-1 - Starting...
HikariPool-1 - Start completed.
HHH000400: Using dialect: org.hibernate.dialect.MySQL8Dialect
HHH000490: Using JtaPlatform implementation: [org.hibernate.engine.transaction.jta.platform.internal.NoJtaPlatform]
Initialized JPA EntityManagerFactory for persistence unit 'default'
spring.jpa.open-in-view is enabled by default. Therefore, database queries may be performed during view rendering. Explicitly configure spring.jpa.open-in-view to disable this warning
Initializing ExecutorService 'applicationTaskExecutor'
Started ProductCategoryRepositoryTest in 4.81 seconds (JVM running for 5.74)
Shutting down ExecutorService 'applicationTaskExecutor'
Closing JPA EntityManagerFactory for persistence unit 'default'
HikariPool-1 - Shutdown initiated...
HikariPool-1 - Shutdown completed.
Starting ProductCategoryRepositoryTest on LAPTOP-FOKPE9RJ with PID 9848 (started by jerry in C:\code\imooc-wechat-ordering-backend)
No active profile set, falling back to default profiles: default
Bootstrapping Spring Data JPA repositories in DEFAULT mode.
Finished Spring Data repository scanning in 82ms. Found 1 JPA repository interfaces.
HHH000204: Processing PersistenceUnitInfo [name: default]
HHH000412: Hibernate ORM core version 5.4.12.Final
HCANN000001: Hibernate Commons Annotations {5.1.0.Final}
HikariPool-1 - Starting...
HikariPool-1 - Start completed.
HHH000400: Using dialect: org.hibernate.dialect.MySQL8Dialect
HHH000490: Using JtaPlatform implementation: [org.hibernate.engine.transaction.jta.platform.internal.NoJtaPlatform]
Initialized JPA EntityManagerFactory for persistence unit 'default'
spring.jpa.open-in-view is enabled by default. Therefore, database queries may be performed during view rendering. Explicitly configure spring.jpa.open-in-view to disable this warning
Initializing ExecutorService 'applicationTaskExecutor'
Started ProductCategoryRepositoryTest in 7.534 seconds (JVM running for 8.696)
SQL Error: 1062, SQLState: 23000
Shutting down ExecutorService 'applicationTaskExecutor'
Closing JPA EntityManagerFactory for persistence unit 'default'
HikariPool-1 - Shutdown initiated...
HikariPool-1 - Shutdown completed.
Starting ProductCategoryRepositoryTest on LAPTOP-FOKPE9RJ with PID 9860 (started by jerry in C:\code\imooc-wechat-ordering-backend)
No active profile set, falling back to default profiles: default
Bootstrapping Spring Data JPA repositories in DEFAULT mode.
Finished Spring Data repository scanning in 62ms. Found 1 JPA repository interfaces.
HHH000204: Processing PersistenceUnitInfo [name: default]
HHH000412: Hibernate ORM core version 5.4.12.Final
HCANN000001: Hibernate Commons Annotations {5.1.0.Final}
HikariPool-1 - Starting...
HikariPool-1 - Start completed.
HHH000400: Using dialect: org.hibernate.dialect.MySQL8Dialect
HHH000490: Using JtaPlatform implementation: [org.hibernate.engine.transaction.jta.platform.internal.NoJtaPlatform]
Initialized JPA EntityManagerFactory for persistence unit 'default'
spring.jpa.open-in-view is enabled by default. Therefore, database queries may be performed during view rendering. Explicitly configure spring.jpa.open-in-view to disable this warning
Initializing ExecutorService 'applicationTaskExecutor'
Started ProductCategoryRepositoryTest in 5.671 seconds (JVM running for 6.623)
Shutting down ExecutorService 'applicationTaskExecutor'
Closing JPA EntityManagerFactory for persistence unit 'default'
HikariPool-1 - Shutdown initiated...
HikariPool-1 - Shutdown completed.
Starting ProductCategoryRepositoryTest on LAPTOP-FOKPE9RJ with PID 148 (started by jerry in C:\code\imooc-wechat-ordering-backend)
No active profile set, falling back to default profiles: default
Bootstrapping Spring Data JPA repositories in DEFAULT mode.
Finished Spring Data repository scanning in 60ms. Found 1 JPA repository interfaces.
HHH000204: Processing PersistenceUnitInfo [name: default]
HHH000412: Hibernate ORM core version 5.4.12.Final
HCANN000001: Hibernate Commons Annotations {5.1.0.Final}
HikariPool-1 - Starting...
HikariPool-1 - Start completed.
HHH000400: Using dialect: org.hibernate.dialect.MySQL8Dialect
HHH000490: Using JtaPlatform implementation: [org.hibernate.engine.transaction.jta.platform.internal.NoJtaPlatform]
Initialized JPA EntityManagerFactory for persistence unit 'default'
spring.jpa.open-in-view is enabled by default. Therefore, database queries may be performed during view rendering. Explicitly configure spring.jpa.open-in-view to disable this warning
Initializing ExecutorService 'applicationTaskExecutor'
Started ProductCategoryRepositoryTest in 6.425 seconds (JVM running for 7.533)
Shutting down ExecutorService 'applicationTaskExecutor'
Closing JPA EntityManagerFactory for persistence unit 'default'
HikariPool-1 - Shutdown initiated...
HikariPool-1 - Shutdown completed.
Starting ProductCategoryRepositoryTest on LAPTOP-FOKPE9RJ with PID 10900 (started by jerry in C:\code\imooc-wechat-ordering-backend)
No active profile set, falling back to default profiles: default
Bootstrapping Spring Data JPA repositories in DEFAULT mode.
Finished Spring Data repository scanning in 69ms. Found 1 JPA repository interfaces.
HHH000204: Processing PersistenceUnitInfo [name: default]
HHH000412: Hibernate ORM core version 5.4.12.Final
HCANN000001: Hibernate Commons Annotations {5.1.0.Final}
HikariPool-1 - Starting...
HikariPool-1 - Start completed.
HHH000400: Using dialect: org.hibernate.dialect.MySQL8Dialect
HHH000490: Using JtaPlatform implementation: [org.hibernate.engine.transaction.jta.platform.internal.NoJtaPlatform]
Initialized JPA EntityManagerFactory for persistence unit 'default'
spring.jpa.open-in-view is enabled by default. Therefore, database queries may be performed during view rendering. Explicitly configure spring.jpa.open-in-view to disable this warning
Initializing ExecutorService 'applicationTaskExecutor'
Started ProductCategoryRepositoryTest in 6.833 seconds (JVM running for 8.009)
Shutting down ExecutorService 'applicationTaskExecutor'
Closing JPA EntityManagerFactory for persistence unit 'default'
HikariPool-1 - Shutdown initiated...
HikariPool-1 - Shutdown completed.
Starting ProductCategoryRepositoryTest on LAPTOP-FOKPE9RJ with PID 14320 (started by jerry in C:\code\imooc-wechat-ordering-backend)
No active profile set, falling back to default profiles: default
Bootstrapping Spring Data JPA repositories in DEFAULT mode.
Finished Spring Data repository scanning in 65ms. Found 1 JPA repository interfaces.
HHH000204: Processing PersistenceUnitInfo [name: default]
HHH000412: Hibernate ORM core version 5.4.12.Final
HCANN000001: Hibernate Commons Annotations {5.1.0.Final}
HikariPool-1 - Starting...
HikariPool-1 - Start completed.
HHH000400: Using dialect: org.hibernate.dialect.MySQL8Dialect
HHH000490: Using JtaPlatform implementation: [org.hibernate.engine.transaction.jta.platform.internal.NoJtaPlatform]
Initialized JPA EntityManagerFactory for persistence unit 'default'
spring.jpa.open-in-view is enabled by default. Therefore, database queries may be performed during view rendering. Explicitly configure spring.jpa.open-in-view to disable this warning
Initializing ExecutorService 'applicationTaskExecutor'
Started ProductCategoryRepositoryTest in 6.01 seconds (JVM running for 6.943)
Shutting down ExecutorService 'applicationTaskExecutor'
Closing JPA EntityManagerFactory for persistence unit 'default'
HikariPool-1 - Shutdown initiated...
HikariPool-1 - Shutdown completed.
Starting ProductCategoryRepositoryTest on LAPTOP-FOKPE9RJ with PID 6036 (started by jerry in C:\code\imooc-wechat-ordering-backend)
No active profile set, falling back to default profiles: default
Bootstrapping Spring Data JPA repositories in DEFAULT mode.
Finished Spring Data repository scanning in 63ms. Found 1 JPA repository interfaces.
HHH000204: Processing PersistenceUnitInfo [name: default]
HHH000412: Hibernate ORM core version 5.4.12.Final
HCANN000001: Hibernate Commons Annotations {5.1.0.Final}
HikariPool-1 - Starting...
HikariPool-1 - Start completed.
HHH000400: Using dialect: org.hibernate.dialect.MySQL8Dialect
HHH000490: Using JtaPlatform implementation: [org.hibernate.engine.transaction.jta.platform.internal.NoJtaPlatform]
Initialized JPA EntityManagerFactory for persistence unit 'default'
spring.jpa.open-in-view is enabled by default. Therefore, database queries may be performed during view rendering. Explicitly configure spring.jpa.open-in-view to disable this warning
Initializing ExecutorService 'applicationTaskExecutor'
Started ProductCategoryRepositoryTest in 6.238 seconds (JVM running for 7.221)
Began transaction (1) for test context [DefaultTestContext@6a6cb05c testClass = ProductCategoryRepositoryTest, testInstance = com.imooc.sell.repository.ProductCategoryRepositoryTest@bb12f41, testMethod = saveTest@ProductCategoryRepositoryTest, testException = [null], mergedContextConfiguration = [WebMergedContextConfiguration@40a4337a testClass = ProductCategoryRepositoryTest, locations = '{}', classes = '{class com.imooc.sell.SellApplication}', contextInitializerClasses = '[]', activeProfiles = '{}', propertySourceLocations = '{}', propertySourceProperties = '{org.springframework.boot.test.context.SpringBootTestContextBootstrapper=true}', contextCustomizers = set[org.springframework.boot.test.context.filter.ExcludeFilterContextCustomizer@77ec78b9, org.springframework.boot.test.json.DuplicateJsonObjectContextCustomizerFactory$DuplicateJsonObjectContextCustomizer@77f99a05, org.springframework.boot.test.mock.mockito.MockitoContextCustomizer@0, org.springframework.boot.test.web.client.TestRestTemplateContextCustomizer@43bd930a, org.springframework.boot.test.autoconfigure.properties.PropertyMappingContextCustomizer@0, org.springframework.boot.test.autoconfigure.web.servlet.WebDriverContextCustomizerFactory$Customizer@42607a4f], resourceBasePath = 'src/main/webapp', contextLoader = 'org.springframework.boot.test.context.SpringBootContextLoader', parent = [null]], attributes = map['org.springframework.test.context.web.ServletTestExecutionListener.activateListener' -> true, 'org.springframework.test.context.web.ServletTestExecutionListener.populatedRequestContextHolder' -> true, 'org.springframework.test.context.web.ServletTestExecutionListener.resetRequestContextHolder' -> true]]; transaction manager [org.springframework.orm.jpa.JpaTransactionManager@57416e49]; rollback [true]
Rolled back transaction for test: [DefaultTestContext@6a6cb05c testClass = ProductCategoryRepositoryTest, testInstance = com.imooc.sell.repository.ProductCategoryRepositoryTest@bb12f41, testMethod = saveTest@ProductCategoryRepositoryTest, testException = [null], mergedContextConfiguration = [WebMergedContextConfiguration@40a4337a testClass = ProductCategoryRepositoryTest, locations = '{}', classes = '{class com.imooc.sell.SellApplication}', contextInitializerClasses = '[]', activeProfiles = '{}', propertySourceLocations = '{}', propertySourceProperties = '{org.springframework.boot.test.context.SpringBootTestContextBootstrapper=true}', contextCustomizers = set[org.springframework.boot.test.context.filter.ExcludeFilterContextCustomizer@77ec78b9, org.springframework.boot.test.json.DuplicateJsonObjectContextCustomizerFactory$DuplicateJsonObjectContextCustomizer@77f99a05, org.springframework.boot.test.mock.mockito.MockitoContextCustomizer@0, org.springframework.boot.test.web.client.TestRestTemplateContextCustomizer@43bd930a, org.springframework.boot.test.autoconfigure.properties.PropertyMappingContextCustomizer@0, org.springframework.boot.test.autoconfigure.web.servlet.WebDriverContextCustomizerFactory$Customizer@42607a4f], resourceBasePath = 'src/main/webapp', contextLoader = 'org.springframework.boot.test.context.SpringBootContextLoader', parent = [null]], attributes = map['org.springframework.test.context.web.ServletTestExecutionListener.activateListener' -> true, 'org.springframework.test.context.web.ServletTestExecutionListener.populatedRequestContextHolder' -> true, 'org.springframework.test.context.web.ServletTestExecutionListener.resetRequestContextHolder' -> true]]
Shutting down ExecutorService 'applicationTaskExecutor'
Closing JPA EntityManagerFactory for persistence unit 'default'
HikariPool-1 - Shutdown initiated...
HikariPool-1 - Shutdown completed.
Starting ProductCategoryRepositoryTest on LAPTOP-FOKPE9RJ with PID 9360 (started by jerry in C:\code\imooc-wechat-ordering-backend)
No active profile set, falling back to default profiles: default
Bootstrapping Spring Data JPA repositories in DEFAULT mode.
Finished Spring Data repository scanning in 66ms. Found 1 JPA repository interfaces.
HHH000204: Processing PersistenceUnitInfo [name: default]
HHH000412: Hibernate ORM core version 5.4.12.Final
HCANN000001: Hibernate Commons Annotations {5.1.0.Final}
HikariPool-1 - Starting...
HikariPool-1 - Start completed.
HHH000400: Using dialect: org.hibernate.dialect.MySQL8Dialect
HHH000490: Using JtaPlatform implementation: [org.hibernate.engine.transaction.jta.platform.internal.NoJtaPlatform]
Initialized JPA EntityManagerFactory for persistence unit 'default'
spring.jpa.open-in-view is enabled by default. Therefore, database queries may be performed during view rendering. Explicitly configure spring.jpa.open-in-view to disable this warning
Initializing ExecutorService 'applicationTaskExecutor'
Started ProductCategoryRepositoryTest in 6.11 seconds (JVM running for 7.002)
Shutting down ExecutorService 'applicationTaskExecutor'
Closing JPA EntityManagerFactory for persistence unit 'default'
HikariPool-1 - Shutdown initiated...
HikariPool-1 - Shutdown completed.
Starting ProductCategoryRepositoryTest on LAPTOP-FOKPE9RJ with PID 4160 (started by jerry in C:\code\imooc-wechat-ordering-backend)
No active profile set, falling back to default profiles: default
Bootstrapping Spring Data JPA repositories in DEFAULT mode.
Finished Spring Data repository scanning in 80ms. Found 1 JPA repository interfaces.
HHH000204: Processing PersistenceUnitInfo [name: default]
HHH000412: Hibernate ORM core version 5.4.12.Final
HCANN000001: Hibernate Commons Annotations {5.1.0.Final}
HikariPool-1 - Starting...
HikariPool-1 - Start completed.
HHH000400: Using dialect: org.hibernate.dialect.MySQL8Dialect
HHH000490: Using JtaPlatform implementation: [org.hibernate.engine.transaction.jta.platform.internal.NoJtaPlatform]
Initialized JPA EntityManagerFactory for persistence unit 'default'
spring.jpa.open-in-view is enabled by default. Therefore, database queries may be performed during view rendering. Explicitly configure spring.jpa.open-in-view to disable this warning
Initializing ExecutorService 'applicationTaskExecutor'
Started ProductCategoryRepositoryTest in 7.735 seconds (JVM running for 9.567)
Shutting down ExecutorService 'applicationTaskExecutor'
Closing JPA EntityManagerFactory for persistence unit 'default'
HikariPool-1 - Shutdown initiated...
HikariPool-1 - Shutdown completed.
Starting CategoryServiceImplTest on LAPTOP-FOKPE9RJ with PID 12516 (started by jerry in C:\code\imooc-wechat-ordering-backend)
No active profile set, falling back to default profiles: default
Bootstrapping Spring Data JPA repositories in DEFAULT mode.
Finished Spring Data repository scanning in 78ms. Found 1 JPA repository interfaces.
HHH000204: Processing PersistenceUnitInfo [name: default]
HHH000412: Hibernate ORM core version 5.4.12.Final
HCANN000001: Hibernate Commons Annotations {5.1.0.Final}
HikariPool-1 - Starting...
HikariPool-1 - Start completed.
HHH000400: Using dialect: org.hibernate.dialect.MySQL8Dialect
HHH000490: Using JtaPlatform implementation: [org.hibernate.engine.transaction.jta.platform.internal.NoJtaPlatform]
Initialized JPA EntityManagerFactory for persistence unit 'default'
spring.jpa.open-in-view is enabled by default. Therefore, database queries may be performed during view rendering. Explicitly configure spring.jpa.open-in-view to disable this warning
Initializing ExecutorService 'applicationTaskExecutor'
Started CategoryServiceImplTest in 6.648 seconds (JVM running for 7.981)
Shutting down ExecutorService 'applicationTaskExecutor'
Closing JPA EntityManagerFactory for persistence unit 'default'
HikariPool-1 - Shutdown initiated...
HikariPool-1 - Shutdown completed.
Starting CategoryServiceImplTest on LAPTOP-FOKPE9RJ with PID 3384 (started by jerry in C:\code\imooc-wechat-ordering-backend)
No active profile set, falling back to default profiles: default
Bootstrapping Spring Data JPA repositories in DEFAULT mode.
Finished Spring Data repository scanning in 91ms. Found 1 JPA repository interfaces.
HHH000204: Processing PersistenceUnitInfo [name: default]
HHH000412: Hibernate ORM core version 5.4.12.Final
HCANN000001: Hibernate Commons Annotations {5.1.0.Final}
HikariPool-1 - Starting...
HikariPool-1 - Start completed.
HHH000400: Using dialect: org.hibernate.dialect.MySQL8Dialect
HHH000490: Using JtaPlatform implementation: [org.hibernate.engine.transaction.jta.platform.internal.NoJtaPlatform]
Initialized JPA EntityManagerFactory for persistence unit 'default'
spring.jpa.open-in-view is enabled by default. Therefore, database queries may be performed during view rendering. Explicitly configure spring.jpa.open-in-view to disable this warning
Initializing ExecutorService 'applicationTaskExecutor'
Started CategoryServiceImplTest in 8.262 seconds (JVM running for 9.716)
Shutting down ExecutorService 'applicationTaskExecutor'
Closing JPA EntityManagerFactory for persistence unit 'default'
HikariPool-1 - Shutdown initiated...
HikariPool-1 - Shutdown completed.
Starting CategoryServiceImplTest on LAPTOP-FOKPE9RJ with PID 14100 (started by jerry in C:\code\imooc-wechat-ordering-backend)
No active profile set, falling back to default profiles: default
Bootstrapping Spring Data JPA repositories in DEFAULT mode.
Finished Spring Data repository scanning in 64ms. Found 1 JPA repository interfaces.
HHH000204: Processing PersistenceUnitInfo [name: default]
HHH000412: Hibernate ORM core version 5.4.12.Final
HCANN000001: Hibernate Commons Annotations {5.1.0.Final}
HikariPool-1 - Starting...
HikariPool-1 - Start completed.
HHH000400: Using dialect: org.hibernate.dialect.MySQL8Dialect
HHH000490: Using JtaPlatform implementation: [org.hibernate.engine.transaction.jta.platform.internal.NoJtaPlatform]
Initialized JPA EntityManagerFactory for persistence unit 'default'
spring.jpa.open-in-view is enabled by default. Therefore, database queries may be performed during view rendering. Explicitly configure spring.jpa.open-in-view to disable this warning
Initializing ExecutorService 'applicationTaskExecutor'
Started CategoryServiceImplTest in 5.888 seconds (JVM running for 6.966)
Shutting down ExecutorService 'applicationTaskExecutor'
Closing JPA EntityManagerFactory for persistence unit 'default'
HikariPool-1 - Shutdown initiated...
HikariPool-1 - Shutdown completed.
Starting CategoryServiceImplTest on LAPTOP-FOKPE9RJ with PID 3776 (started by jerry in C:\code\imooc-wechat-ordering-backend)
No active profile set, falling back to default profiles: default
Bootstrapping Spring Data JPA repositories in DEFAULT mode.
Finished Spring Data repository scanning in 66ms. Found 1 JPA repository interfaces.
HHH000204: Processing PersistenceUnitInfo [name: default]
HHH000412: Hibernate ORM core version 5.4.12.Final
HCANN000001: Hibernate Commons Annotations {5.1.0.Final}
HikariPool-1 - Starting...
HikariPool-1 - Start completed.
HHH000400: Using dialect: org.hibernate.dialect.MySQL8Dialect
HHH000490: Using JtaPlatform implementation: [org.hibernate.engine.transaction.jta.platform.internal.NoJtaPlatform]
Initialized JPA EntityManagerFactory for persistence unit 'default'
spring.jpa.open-in-view is enabled by default. Therefore, database queries may be performed during view rendering. Explicitly configure spring.jpa.open-in-view to disable this warning
Initializing ExecutorService 'applicationTaskExecutor'
Started CategoryServiceImplTest in 6.84 seconds (JVM running for 8.125)
Shutting down ExecutorService 'applicationTaskExecutor'
Closing JPA EntityManagerFactory for persistence unit 'default'
HikariPool-1 - Shutdown initiated...
HikariPool-1 - Shutdown completed.
Starting ProductInfoRepositoryTest on LAPTOP-FOKPE9RJ with PID 3260 (started by jerry in C:\code\imooc-wechat-ordering-backend)
No active profile set, falling back to default profiles: default
Bootstrapping Spring Data JPA repositories in DEFAULT mode.
Finished Spring Data repository scanning in 70ms. Found 2 JPA repository interfaces.
HikariPool-1 - Starting...
HikariPool-1 - Start completed.
HHH000204: Processing PersistenceUnitInfo [name: default]
HHH000412: Hibernate ORM core version 5.4.12.Final
HCANN000001: Hibernate Commons Annotations {5.1.0.Final}
HHH000400: Using dialect: org.hibernate.dialect.MySQL8Dialect
HHH000490: Using JtaPlatform implementation: [org.hibernate.engine.transaction.jta.platform.internal.NoJtaPlatform]
Initialized JPA EntityManagerFactory for persistence unit 'default'
spring.jpa.open-in-view is enabled by default. Therefore, database queries may be performed during view rendering. Explicitly configure spring.jpa.open-in-view to disable this warning
Initializing ExecutorService 'applicationTaskExecutor'
Started ProductInfoRepositoryTest in 5.043 seconds (JVM running for 5.921)
Shutting down ExecutorService 'applicationTaskExecutor'
Closing JPA EntityManagerFactory for persistence unit 'default'
HikariPool-1 - Shutdown initiated...
HikariPool-1 - Shutdown completed.
Starting ProductInfoRepositoryTest on LAPTOP-FOKPE9RJ with PID 5868 (started by jerry in C:\code\imooc-wechat-ordering-backend)
No active profile set, falling back to default profiles: default
Bootstrapping Spring Data JPA repositories in DEFAULT mode.
Finished Spring Data repository scanning in 68ms. Found 2 JPA repository interfaces.
HikariPool-1 - Starting...
HikariPool-1 - Start completed.
HHH000204: Processing PersistenceUnitInfo [name: default]
HHH000412: Hibernate ORM core version 5.4.12.Final
HCANN000001: Hibernate Commons Annotations {5.1.0.Final}
HHH000400: Using dialect: org.hibernate.dialect.MySQL8Dialect
HHH000490: Using JtaPlatform implementation: [org.hibernate.engine.transaction.jta.platform.internal.NoJtaPlatform]
Initialized JPA EntityManagerFactory for persistence unit 'default'
spring.jpa.open-in-view is enabled by default. Therefore, database queries may be performed during view rendering. Explicitly configure spring.jpa.open-in-view to disable this warning
Initializing ExecutorService 'applicationTaskExecutor'
Started ProductInfoRepositoryTest in 5.465 seconds (JVM running for 6.487)
Shutting down ExecutorService 'applicationTaskExecutor'
Closing JPA EntityManagerFactory for persistence unit 'default'
HikariPool-1 - Shutdown initiated...
HikariPool-1 - Shutdown completed.
Starting ProductServiceImplTest on LAPTOP-FOKPE9RJ with PID 5304 (started by jerry in C:\code\imooc-wechat-ordering-backend)
No active profile set, falling back to default profiles: default
Bootstrapping Spring Data JPA repositories in DEFAULT mode.
Finished Spring Data repository scanning in 78ms. Found 2 JPA repository interfaces.
HikariPool-1 - Starting...
HikariPool-1 - Start completed.
HHH000204: Processing PersistenceUnitInfo [name: default]
HHH000412: Hibernate ORM core version 5.4.12.Final
HCANN000001: Hibernate Commons Annotations {5.1.0.Final}
HHH000400: Using dialect: org.hibernate.dialect.MySQL8Dialect
HHH000490: Using JtaPlatform implementation: [org.hibernate.engine.transaction.jta.platform.internal.NoJtaPlatform]
Initialized JPA EntityManagerFactory for persistence unit 'default'
spring.jpa.open-in-view is enabled by default. Therefore, database queries may be performed during view rendering. Explicitly configure spring.jpa.open-in-view to disable this warning
Initializing ExecutorService 'applicationTaskExecutor'
Started ProductServiceImplTest in 6.429 seconds (JVM running for 7.828)
Shutting down ExecutorService 'applicationTaskExecutor'
Closing JPA EntityManagerFactory for persistence unit 'default'
HikariPool-1 - Shutdown initiated...
HikariPool-1 - Shutdown completed.
Starting ProductServiceImplTest on LAPTOP-FOKPE9RJ with PID 9720 (started by jerry in C:\code\imooc-wechat-ordering-backend)
No active profile set, falling back to default profiles: default
Bootstrapping Spring Data JPA repositories in DEFAULT mode.
Finished Spring Data repository scanning in 82ms. Found 2 JPA repository interfaces.
HikariPool-1 - Starting...
HikariPool-1 - Start completed.
HHH000204: Processing PersistenceUnitInfo [name: default]
HHH000412: Hibernate ORM core version 5.4.12.Final
HCANN000001: Hibernate Commons Annotations {5.1.0.Final}
HHH000400: Using dialect: org.hibernate.dialect.MySQL8Dialect
HHH000490: Using JtaPlatform implementation: [org.hibernate.engine.transaction.jta.platform.internal.NoJtaPlatform]
Initialized JPA EntityManagerFactory for persistence unit 'default'
spring.jpa.open-in-view is enabled by default. Therefore, database queries may be performed during view rendering. Explicitly configure spring.jpa.open-in-view to disable this warning
Initializing ExecutorService 'applicationTaskExecutor'
Started ProductServiceImplTest in 5.585 seconds (JVM running for 6.612)
Shutting down ExecutorService 'applicationTaskExecutor'
Closing JPA EntityManagerFactory for persistence unit 'default'
HikariPool-1 - Shutdown initiated...
HikariPool-1 - Shutdown completed.
Starting ProductServiceImplTest on LAPTOP-FOKPE9RJ with PID 15840 (started by jerry in C:\code\imooc-wechat-ordering-backend)
No active profile set, falling back to default profiles: default
Bootstrapping Spring Data JPA repositories in DEFAULT mode.
Finished Spring Data repository scanning in 73ms. Found 2 JPA repository interfaces.
HikariPool-1 - Starting...
HikariPool-1 - Start completed.
HHH000204: Processing PersistenceUnitInfo [name: default]
HHH000412: Hibernate ORM core version 5.4.12.Final
HCANN000001: Hibernate Commons Annotations {5.1.0.Final}
HHH000400: Using dialect: org.hibernate.dialect.MySQL8Dialect
HHH000490: Using JtaPlatform implementation: [org.hibernate.engine.transaction.jta.platform.internal.NoJtaPlatform]
Initialized JPA EntityManagerFactory for persistence unit 'default'
spring.jpa.open-in-view is enabled by default. Therefore, database queries may be performed during view rendering. Explicitly configure spring.jpa.open-in-view to disable this warning
Initializing ExecutorService 'applicationTaskExecutor'
Started ProductServiceImplTest in 7.12 seconds (JVM running for 8.233)
Shutting down ExecutorService 'applicationTaskExecutor'
Closing JPA EntityManagerFactory for persistence unit 'default'
HikariPool-1 - Shutdown initiated...
HikariPool-1 - Shutdown completed.
Starting ProductServiceImplTest on LAPTOP-FOKPE9RJ with PID 10700 (started by jerry in C:\code\imooc-wechat-ordering-backend)
No active profile set, falling back to default profiles: default
Bootstrapping Spring Data JPA repositories in DEFAULT mode.
Finished Spring Data repository scanning in 125ms. Found 2 JPA repository interfaces.
HikariPool-1 - Starting...
HikariPool-1 - Start completed.
HHH000204: Processing PersistenceUnitInfo [name: default]
HHH000412: Hibernate ORM core version 5.4.12.Final
HCANN000001: Hibernate Commons Annotations {5.1.0.Final}
HHH000400: Using dialect: org.hibernate.dialect.MySQL8Dialect
HHH000490: Using JtaPlatform implementation: [org.hibernate.engine.transaction.jta.platform.internal.NoJtaPlatform]
Initialized JPA EntityManagerFactory for persistence unit 'default'
spring.jpa.open-in-view is enabled by default. Therefore, database queries may be performed during view rendering. Explicitly configure spring.jpa.open-in-view to disable this warning
Initializing ExecutorService 'applicationTaskExecutor'
Started ProductServiceImplTest in 9.78 seconds (JVM running for 11.261)
Shutting down ExecutorService 'applicationTaskExecutor'
Closing JPA EntityManagerFactory for persistence unit 'default'
HikariPool-1 - Shutdown initiated...
HikariPool-1 - Shutdown completed.
Starting ProductServiceImplTest on LAPTOP-FOKPE9RJ with PID 11624 (started by jerry in C:\code\imooc-wechat-ordering-backend)
No active profile set, falling back to default profiles: default
Bootstrapping Spring Data JPA repositories in DEFAULT mode.
Finished Spring Data repository scanning in 84ms. Found 2 JPA repository interfaces.
HikariPool-1 - Starting...
HikariPool-1 - Start completed.
HHH000204: Processing PersistenceUnitInfo [name: default]
HHH000412: Hibernate ORM core version 5.4.12.Final
HCANN000001: Hibernate Commons Annotations {5.1.0.Final}
HHH000400: Using dialect: org.hibernate.dialect.MySQL8Dialect
HHH000490: Using JtaPlatform implementation: [org.hibernate.engine.transaction.jta.platform.internal.NoJtaPlatform]
Initialized JPA EntityManagerFactory for persistence unit 'default'
spring.jpa.open-in-view is enabled by default. Therefore, database queries may be performed during view rendering. Explicitly configure spring.jpa.open-in-view to disable this warning
Initializing ExecutorService 'applicationTaskExecutor'
Started ProductServiceImplTest in 4.981 seconds (JVM running for 5.906)
Shutting down ExecutorService 'applicationTaskExecutor'
Closing JPA EntityManagerFactory for persistence unit 'default'
HikariPool-1 - Shutdown initiated...
HikariPool-1 - Shutdown completed.
Starting ProductServiceImplTest on LAPTOP-FOKPE9RJ with PID 7056 (started by jerry in C:\code\imooc-wechat-ordering-backend)
No active profile set, falling back to default profiles: default
Bootstrapping Spring Data JPA repositories in DEFAULT mode.
Finished Spring Data repository scanning in 82ms. Found 2 JPA repository interfaces.
HikariPool-1 - Starting...
HikariPool-1 - Start completed.
HHH000204: Processing PersistenceUnitInfo [name: default]
HHH000412: Hibernate ORM core version 5.4.12.Final
HCANN000001: Hibernate Commons Annotations {5.1.0.Final}
HHH000400: Using dialect: org.hibernate.dialect.MySQL8Dialect
HHH000490: Using JtaPlatform implementation: [org.hibernate.engine.transaction.jta.platform.internal.NoJtaPlatform]
Initialized JPA EntityManagerFactory for persistence unit 'default'
spring.jpa.open-in-view is enabled by default. Therefore, database queries may be performed during view rendering. Explicitly configure spring.jpa.open-in-view to disable this warning
Initializing ExecutorService 'applicationTaskExecutor'
Started ProductServiceImplTest in 8.51 seconds (JVM running for 9.719)
Shutting down ExecutorService 'applicationTaskExecutor'
Closing JPA EntityManagerFactory for persistence unit 'default'
HikariPool-1 - Shutdown initiated...
HikariPool-1 - Shutdown completed.
Starting SellApplication on LAPTOP-FOKPE9RJ with PID 624 (C:\code\imooc-wechat-ordering-backend\target\classes started by jerry in C:\code\imooc-wechat-ordering-backend)
No active profile set, falling back to default profiles: default
Bootstrapping Spring Data JPA repositories in DEFAULT mode.
Finished Spring Data repository scanning in 40ms. Found 2 JPA repository interfaces.
Tomcat initialized with port(s): 8080 (http)
Initializing ProtocolHandler ["http-nio-8080"]
Starting service [Tomcat]
Starting Servlet engine: [Apache Tomcat/9.0.33]
Initializing Spring embedded WebApplicationContext
Root WebApplicationContext: initialization completed in 1012 ms
HikariPool-1 - Starting...
HikariPool-1 - Start completed.
HHH000204: Processing PersistenceUnitInfo [name: default]
HHH000412: Hibernate ORM core version 5.4.12.Final
HCANN000001: Hibernate Commons Annotations {5.1.0.Final}
HHH000400: Using dialect: org.hibernate.dialect.MySQL8Dialect
HHH000490: Using JtaPlatform implementation: [org.hibernate.engine.transaction.jta.platform.internal.NoJtaPlatform]
Initialized JPA EntityManagerFactory for persistence unit 'default'
spring.jpa.open-in-view is enabled by default. Therefore, database queries may be performed during view rendering. Explicitly configure spring.jpa.open-in-view to disable this warning
Initializing ExecutorService 'applicationTaskExecutor'
Starting ProtocolHandler ["http-nio-8080"]
Tomcat started on port(s): 8080 (http) with context path '/sell'
Started SellApplication in 3.101 seconds (JVM running for 3.871)
Initializing Spring DispatcherServlet 'dispatcherServlet'
Initializing Servlet 'dispatcherServlet'
Completed initialization in 8 ms
Starting SellApplication on LAPTOP-FOKPE9RJ with PID 5400 (C:\code\imooc-wechat-ordering-backend\target\classes started by jerry in C:\code\imooc-wechat-ordering-backend)
No active profile set, falling back to default profiles: default
Bootstrapping Spring Data JPA repositories in DEFAULT mode.
Finished Spring Data repository scanning in 67ms. Found 2 JPA repository interfaces.
Tomcat initialized with port(s): 8080 (http)
Initializing ProtocolHandler ["http-nio-8080"]
Starting service [Tomcat]
Starting Servlet engine: [Apache Tomcat/9.0.33]
Initializing Spring embedded WebApplicationContext
Root WebApplicationContext: initialization completed in 1154 ms
HikariPool-1 - Starting...
HikariPool-1 - Start completed.
HHH000204: Processing PersistenceUnitInfo [name: default]
HHH000412: Hibernate ORM core version 5.4.12.Final
HCANN000001: Hibernate Commons Annotations {5.1.0.Final}
HHH000400: Using dialect: org.hibernate.dialect.MySQL8Dialect
HHH000490: Using JtaPlatform implementation: [org.hibernate.engine.transaction.jta.platform.internal.NoJtaPlatform]
Initialized JPA EntityManagerFactory for persistence unit 'default'
spring.jpa.open-in-view is enabled by default. Therefore, database queries may be performed during view rendering. Explicitly configure spring.jpa.open-in-view to disable this warning
Initializing ExecutorService 'applicationTaskExecutor'
Starting ProtocolHandler ["http-nio-8080"]
Tomcat started on port(s): 8080 (http) with context path '/sell'
Started SellApplication in 3.945 seconds (JVM running for 4.785)
Initializing Spring DispatcherServlet 'dispatcherServlet'
Initializing Servlet 'dispatcherServlet'
Completed initialization in 5 ms
Starting ProductServiceImplTest on LAPTOP-FOKPE9RJ with PID 13196 (started by jerry in C:\code\imooc-wechat-ordering-backend)
No active profile set, falling back to default profiles: default
Bootstrapping Spring Data JPA repositories in DEFAULT mode.
Finished Spring Data repository scanning in 77ms. Found 2 JPA repository interfaces.
HikariPool-1 - Starting...
HikariPool-1 - Start completed.
HHH000204: Processing PersistenceUnitInfo [name: default]
HHH000412: Hibernate ORM core version 5.4.12.Final
HCANN000001: Hibernate Commons Annotations {5.1.0.Final}
HHH000400: Using dialect: org.hibernate.dialect.MySQL8Dialect
HHH000490: Using JtaPlatform implementation: [org.hibernate.engine.transaction.jta.platform.internal.NoJtaPlatform]
Initialized JPA EntityManagerFactory for persistence unit 'default'
spring.jpa.open-in-view is enabled by default. Therefore, database queries may be performed during view rendering. Explicitly configure spring.jpa.open-in-view to disable this warning
Initializing ExecutorService 'applicationTaskExecutor'
Started ProductServiceImplTest in 4.991 seconds (JVM running for 5.908)
Shutting down ExecutorService 'applicationTaskExecutor'
Closing JPA EntityManagerFactory for persistence unit 'default'
HikariPool-1 - Shutdown initiated...
HikariPool-1 - Shutdown completed.
HikariPool-1 - Thread starvation or clock leap detected (housekeeper delta=10m48s271ms396µs).
